2019-01-29 12:13:20.186 INFO [Thread-33]o.s.scheduling.concurrent.ThreadPoolTaskScheduler.shutdown:208 -Shutting down ExecutorService 'taskScheduler'
2019-01-29 12:13:20.317 INFO [Thread-33]o.s.scheduling.concurrent.ThreadPoolTaskExecutor.shutdown:208 -Shutting down ExecutorService 'applicationTaskExecutor'
2019-01-29 12:13:33.524 INFO [restartedMain]c.xingheng.ai.BigDataAnalysis.BigDataAnalysisApplication.logStarting:50 -Starting BigDataAnalysisApplication on localhost with PID 13969 (/Users/lym/Desktop/BigDataAnalysis/target/classes started by lym in /Users/lym/Desktop/BigDataAnalysis)
2019-01-29 12:13:33.539 INFO [restartedMain]c.xingheng.ai.BigDataAnalysis.BigDataAnalysisApplication.logStartupProfileInfo:679 -The following profiles are active: dev
2019-01-29 12:13:33.888 INFO [restartedMain]o.s.b.devtools.env.DevToolsPropertyDefaultsPostProcessor.logTo:227 -Devtools property defaults active! Set 'spring.devtools.add-properties' to 'false' to disable
2019-01-29 12:13:33.889 INFO [restartedMain]o.s.b.devtools.env.DevToolsPropertyDefaultsPostProcessor.logTo:227 -For additional web related logging consider setting the 'logging.level.web' property to 'DEBUG'
2019-01-29 12:13:36.325 INFO [restartedMain]o.s.d.repository.config.RepositoryConfigurationDelegate.multipleStoresDetected:244 -Multiple Spring Data modules found, entering strict repository configuration mode!
2019-01-29 12:13:36.334 INFO [restartedMain]o.s.d.repository.config.RepositoryConfigurationDelegate.registerRepositoriesIn:126 -Bootstrapping Spring Data repositories in DEFAULT mode.
2019-01-29 12:13:36.404 INFO [restartedMain]o.s.d.repository.config.RepositoryConfigurationDelegate.registerRepositoriesIn:182 -Finished Spring Data repository scanning in 32ms. Found 0 repository interfaces.
2019-01-29 12:13:37.142 INFO [restartedMain]o.s.c.s.PostProcessorRegistrationDelegate$BeanPostProcessorChecker.postProcessAfterInitialization:330 -Bean 'org.springframework.transaction.annotation.ProxyTransactionManagementConfiguration' of type [org.springframework.transaction.annotation.ProxyTransactionManagementConfiguration$$EnhancerBySpringCGLIB$$eebd201f] is not eligible for getting processed by all BeanPostProcessors (for example: not eligible for auto-proxying)
2019-01-29 12:13:37.820 INFO [restartedMain]o.s.boot.web.embedded.tomcat.TomcatWebServer.initialize:90 -Tomcat initialized with port(s): 8089 (http)
2019-01-29 12:13:37.843 INFO [restartedMain]org.apache.coyote.http11.Http11NioProtocol.log:173 -Initializing ProtocolHandler ["http-nio-8089"]
2019-01-29 12:13:37.863 INFO [restartedMain]org.apache.catalina.core.StandardService.log:173 -Starting service [Tomcat]
2019-01-29 12:13:37.864 INFO [restartedMain]org.apache.catalina.core.StandardEngine.log:173 -Starting Servlet Engine: Apache Tomcat/9.0.13
2019-01-29 12:13:37.879 INFO [restartedMain]org.apache.catalina.core.AprLifecycleListener.log:173 -The APR based Apache Tomcat Native library which allows optimal performance in production environments was not found on the java.library.path: [/Users/lym/Library/Java/Extensions:/Library/Java/Extensions:/Network/Library/Java/Extensions:/System/Library/Java/Extensions:/usr/lib/java:.]
2019-01-29 12:13:38.019 INFO [restartedMain]o.a.catalina.core.ContainerBase.[Tomcat].[localhost].[/].log:173 -Initializing Spring embedded WebApplicationContext
2019-01-29 12:13:38.020 INFO [restartedMain]org.springframework.web.context.ContextLoader.prepareWebApplicationContext:296 -Root WebApplicationContext: initialization completed in 4131 ms
2019-01-29 12:13:40.023 INFO [restartedMain]s.d.s.web.PropertySourcedRequestMappingHandlerMapping.initHandlerMethods:69 -Mapped URL path [/v2/api-docs] onto method [public org.springframework.http.ResponseEntity<springfox.documentation.spring.web.json.Json> springfox.documentation.swagger2.web.Swagger2Controller.getDocumentation(java.lang.String,javax.servlet.http.HttpServletRequest)]
2019-01-29 12:13:40.379 INFO [restartedMain]o.s.scheduling.concurrent.ThreadPoolTaskExecutor.initialize:171 -Initializing ExecutorService 'applicationTaskExecutor'
2019-01-29 12:13:40.491 INFO [restartedMain]o.s.boot.devtools.autoconfigure.OptionalLiveReloadServer.startServer:57 -LiveReload server is running on port 35729
2019-01-29 12:13:40.739 INFO [restartedMain]o.s.b.a.web.servlet.WelcomePageHandlerMapping.<init>:56 -Adding welcome page: class path resource [static/index.html]
2019-01-29 12:13:41.165 INFO [restartedMain]o.s.scheduling.concurrent.ThreadPoolTaskScheduler.initialize:171 -Initializing ExecutorService 'taskScheduler'
2019-01-29 12:13:41.302 INFO [restartedMain]s.d.spring.web.plugins.DocumentationPluginsBootstrapper.start:147 -Context refreshed
2019-01-29 12:13:41.337 INFO [restartedMain]s.d.spring.web.plugins.DocumentationPluginsBootstrapper.start:150 -Found 1 custom documentation plugin(s)
2019-01-29 12:13:41.434 INFO [restartedMain]s.d.spring.web.scanners.ApiListingReferenceScanner.scan:41 -Scanning for api listing references
2019-01-29 12:13:41.559 INFO [restartedMain]s.d.s.w.readers.operation.CachingOperationNameGenerator.startingWith:40 -Generating unique operation named: myexcUsingPOST_1
2019-01-29 12:13:41.565 INFO [restartedMain]s.d.s.w.readers.operation.CachingOperationNameGenerator.startingWith:40 -Generating unique operation named: myexcUsingPOST_2
2019-01-29 12:13:41.569 INFO [restartedMain]s.d.s.w.readers.operation.CachingOperationNameGenerator.startingWith:40 -Generating unique operation named: myexcUsingPOST_3
2019-01-29 12:13:41.573 INFO [restartedMain]s.d.s.w.readers.operation.CachingOperationNameGenerator.startingWith:40 -Generating unique operation named: myexcUsingPOST_4
2019-01-29 12:13:41.577 INFO [restartedMain]s.d.s.w.readers.operation.CachingOperationNameGenerator.startingWith:40 -Generating unique operation named: myexcUsingPOST_5
2019-01-29 12:13:41.581 INFO [restartedMain]s.d.s.w.readers.operation.CachingOperationNameGenerator.startingWith:40 -Generating unique operation named: myexcUsingPOST_6
2019-01-29 12:13:41.583 INFO [restartedMain]s.d.s.w.readers.operation.CachingOperationNameGenerator.startingWith:40 -Generating unique operation named: myexcUsingPOST_7
2019-01-29 12:13:41.662 WARN [restartedMain]s.d.spring.web.readers.parameter.ParameterDataTypeReader.apply:86 -Trying to infer dataType org.springframework.ui.ModelMap
2019-01-29 12:13:41.807 INFO [restartedMain]s.d.s.w.readers.operation.CachingOperationNameGenerator.startingWith:40 -Generating unique operation named: hemoUsingPOST_1
2019-01-29 12:13:41.811 INFO [restartedMain]s.d.s.w.readers.operation.CachingOperationNameGenerator.startingWith:40 -Generating unique operation named: hemoUsingPOST_2
2019-01-29 12:13:41.813 INFO [restartedMain]s.d.s.w.readers.operation.CachingOperationNameGenerator.startingWith:40 -Generating unique operation named: hemoUsingPOST_3
2019-01-29 12:13:41.815 INFO [restartedMain]s.d.s.w.readers.operation.CachingOperationNameGenerator.startingWith:40 -Generating unique operation named: hemoUsingPOST_4
2019-01-29 12:13:41.817 INFO [restartedMain]s.d.s.w.readers.operation.CachingOperationNameGenerator.startingWith:40 -Generating unique operation named: hemoUsingPOST_5
2019-01-29 12:13:41.820 INFO [restartedMain]s.d.s.w.readers.operation.CachingOperationNameGenerator.startingWith:40 -Generating unique operation named: hemoUsingPOST_6
2019-01-29 12:13:41.823 INFO [restartedMain]s.d.s.w.readers.operation.CachingOperationNameGenerator.startingWith:40 -Generating unique operation named: hemoUsingPOST_7
2019-01-29 12:13:41.837 INFO [restartedMain]s.d.s.w.readers.operation.CachingOperationNameGenerator.startingWith:40 -Generating unique operation named: testMapUsingPOST_1
2019-01-29 12:13:41.839 INFO [restartedMain]s.d.s.w.readers.operation.CachingOperationNameGenerator.startingWith:40 -Generating unique operation named: testMapUsingPOST_2
2019-01-29 12:13:41.842 INFO [restartedMain]s.d.s.w.readers.operation.CachingOperationNameGenerator.startingWith:40 -Generating unique operation named: testMapUsingPOST_3
2019-01-29 12:13:41.844 INFO [restartedMain]s.d.s.w.readers.operation.CachingOperationNameGenerator.startingWith:40 -Generating unique operation named: testMapUsingPOST_4
2019-01-29 12:13:41.847 INFO [restartedMain]s.d.s.w.readers.operation.CachingOperationNameGenerator.startingWith:40 -Generating unique operation named: testMapUsingPOST_5
2019-01-29 12:13:41.850 INFO [restartedMain]s.d.s.w.readers.operation.CachingOperationNameGenerator.startingWith:40 -Generating unique operation named: testMapUsingPOST_6
2019-01-29 12:13:41.852 INFO [restartedMain]s.d.s.w.readers.operation.CachingOperationNameGenerator.startingWith:40 -Generating unique operation named: testMapUsingPOST_7
2019-01-29 12:13:41.856 WARN [restartedMain]s.d.spring.web.readers.parameter.ParameterDataTypeReader.apply:86 -Trying to infer dataType org.springframework.ui.ModelMap
2019-01-29 12:13:41.859 INFO [restartedMain]s.d.s.w.readers.operation.CachingOperationNameGenerator.startingWith:40 -Generating unique operation named: indexUsingGET_1
2019-01-29 12:13:41.863 INFO [restartedMain]s.d.s.w.readers.operation.CachingOperationNameGenerator.startingWith:40 -Generating unique operation named: addUsingGET_1
2019-01-29 12:13:41.941 INFO [restartedMain]org.apache.coyote.http11.Http11NioProtocol.log:173 -Starting ProtocolHandler ["http-nio-8089"]
2019-01-29 12:13:41.992 INFO [restartedMain]org.apache.tomcat.util.net.NioSelectorPool.log:173 -Using a shared selector for servlet write/read
2019-01-29 12:13:42.018 INFO [restartedMain]o.s.boot.web.embedded.tomcat.TomcatWebServer.start:204 -Tomcat started on port(s): 8089 (http) with context path ''
2019-01-29 12:13:42.023 INFO [restartedMain]c.xingheng.ai.BigDataAnalysis.BigDataAnalysisApplication.logStarted:59 -Started BigDataAnalysisApplication in 10.099 seconds (JVM running for 13.338)
2019-01-29 14:20:21.933 INFO [http-nio-8089-exec-1]o.a.catalina.core.ContainerBase.[Tomcat].[localhost].[/].log:173 -Initializing Spring DispatcherServlet 'dispatcherServlet'
2019-01-29 14:20:21.959 INFO [http-nio-8089-exec-1]org.springframework.web.servlet.DispatcherServlet.initServletBean:524 -Initializing Servlet 'dispatcherServlet'
2019-01-29 14:20:22.098 INFO [http-nio-8089-exec-1]org.springframework.web.servlet.DispatcherServlet.initServletBean:546 -Completed initialization in 134 ms
2019-01-29 14:20:43.019 INFO [http-nio-8089-exec-1]com.zaxxer.hikari.HikariDataSource.getConnection:110 -HikariPool-1 - Starting...
2019-01-29 14:20:43.804 INFO [http-nio-8089-exec-1]com.zaxxer.hikari.HikariDataSource.getConnection:123 -HikariPool-1 - Start completed.
2019-01-29 14:21:02.879 WARN [http-nio-8089-exec-9]o.s.w.s.m.m.annotation.ExceptionHandlerExceptionResolver.logException:194 -Resolved [java.lang.ArithmeticException: / by zero]
