2019-02-01 10:02:00.684 INFO [restartedMain]c.xingheng.ai.BigDataAnalysis.BigDataAnalysisApplication.logStarting:50 -Starting BigDataAnalysisApplication on localhost with PID 15055 (/Users/liuyanming/gitcode/big-data-analysis/target/classes started by liuyanming in /Users/liuyanming/gitcode/big-data-analysis)
2019-02-01 10:02:00.687 INFO [restartedMain]c.xingheng.ai.BigDataAnalysis.BigDataAnalysisApplication.logStartupProfileInfo:679 -The following profiles are active: dev
2019-02-01 10:02:00.735 INFO [restartedMain]o.s.b.devtools.env.DevToolsPropertyDefaultsPostProcessor.logTo:227 -Devtools property defaults active! Set 'spring.devtools.add-properties' to 'false' to disable
2019-02-01 10:02:00.736 INFO [restartedMain]o.s.b.devtools.env.DevToolsPropertyDefaultsPostProcessor.logTo:227 -For additional web related logging consider setting the 'logging.level.web' property to 'DEBUG'
2019-02-01 10:02:01.359 INFO [restartedMain]o.s.d.repository.config.RepositoryConfigurationDelegate.multipleStoresDetected:244 -Multiple Spring Data modules found, entering strict repository configuration mode!
2019-02-01 10:02:01.361 INFO [restartedMain]o.s.d.repository.config.RepositoryConfigurationDelegate.registerRepositoriesIn:126 -Bootstrapping Spring Data repositories in DEFAULT mode.
2019-02-01 10:02:01.386 INFO [restartedMain]o.s.d.repository.config.RepositoryConfigurationDelegate.registerRepositoriesIn:182 -Finished Spring Data repository scanning in 14ms. Found 0 repository interfaces.
2019-02-01 10:02:01.666 INFO [restartedMain]o.s.c.s.PostProcessorRegistrationDelegate$BeanPostProcessorChecker.postProcessAfterInitialization:330 -Bean 'org.springframework.transaction.annotation.ProxyTransactionManagementConfiguration' of type [org.springframework.transaction.annotation.ProxyTransactionManagementConfiguration$$EnhancerBySpringCGLIB$$409a871d] is not eligible for getting processed by all BeanPostProcessors (for example: not eligible for auto-proxying)
2019-02-01 10:02:01.946 INFO [restartedMain]o.s.boot.web.embedded.tomcat.TomcatWebServer.initialize:90 -Tomcat initialized with port(s): 8089 (http)
2019-02-01 10:02:01.955 INFO [restartedMain]org.apache.coyote.http11.Http11NioProtocol.log:173 -Initializing ProtocolHandler ["http-nio-8089"]
2019-02-01 10:02:01.961 INFO [restartedMain]org.apache.catalina.core.StandardService.log:173 -Starting service [Tomcat]
2019-02-01 10:02:01.961 INFO [restartedMain]org.apache.catalina.core.StandardEngine.log:173 -Starting Servlet Engine: Apache Tomcat/9.0.13
2019-02-01 10:02:01.965 INFO [restartedMain]org.apache.catalina.core.AprLifecycleListener.log:173 -The APR based Apache Tomcat Native library which allows optimal performance in production environments was not found on the java.library.path: [/Users/liuyanming/Library/Java/Extensions:/Library/Java/Extensions:/Network/Library/Java/Extensions:/System/Library/Java/Extensions:/usr/lib/java:.]
2019-02-01 10:02:02.019 INFO [restartedMain]o.a.catalina.core.ContainerBase.[Tomcat].[localhost].[/].log:173 -Initializing Spring embedded WebApplicationContext
2019-02-01 10:02:02.019 INFO [restartedMain]org.springframework.web.context.ContextLoader.prepareWebApplicationContext:296 -Root WebApplicationContext: initialization completed in 1283 ms
2019-02-01 10:02:02.594 INFO [restartedMain]s.d.s.web.PropertySourcedRequestMappingHandlerMapping.initHandlerMethods:69 -Mapped URL path [/v2/api-docs] onto method [public org.springframework.http.ResponseEntity<springfox.documentation.spring.web.json.Json> springfox.documentation.swagger2.web.Swagger2Controller.getDocumentation(java.lang.String,javax.servlet.http.HttpServletRequest)]
2019-02-01 10:02:02.698 INFO [restartedMain]o.s.scheduling.concurrent.ThreadPoolTaskExecutor.initialize:171 -Initializing ExecutorService 'applicationTaskExecutor'
2019-02-01 10:02:02.727 INFO [restartedMain]o.s.boot.devtools.autoconfigure.OptionalLiveReloadServer.startServer:57 -LiveReload server is running on port 35729
2019-02-01 10:02:02.803 INFO [restartedMain]o.s.b.a.web.servlet.WelcomePageHandlerMapping.<init>:56 -Adding welcome page: class path resource [static/index.html]
2019-02-01 10:02:02.938 INFO [restartedMain]o.s.scheduling.concurrent.ThreadPoolTaskScheduler.initialize:171 -Initializing ExecutorService 'taskScheduler'
2019-02-01 10:02:02.991 INFO [restartedMain]s.d.spring.web.plugins.DocumentationPluginsBootstrapper.start:147 -Context refreshed
2019-02-01 10:02:03.001 INFO [restartedMain]s.d.spring.web.plugins.DocumentationPluginsBootstrapper.start:150 -Found 1 custom documentation plugin(s)
2019-02-01 10:02:03.025 INFO [restartedMain]s.d.spring.web.scanners.ApiListingReferenceScanner.scan:41 -Scanning for api listing references
2019-02-01 10:02:03.070 INFO [restartedMain]s.d.s.w.readers.operation.CachingOperationNameGenerator.startingWith:40 -Generating unique operation named: myexcUsingPOST_1
2019-02-01 10:02:03.072 INFO [restartedMain]s.d.s.w.readers.operation.CachingOperationNameGenerator.startingWith:40 -Generating unique operation named: myexcUsingPOST_2
2019-02-01 10:02:03.073 INFO [restartedMain]s.d.s.w.readers.operation.CachingOperationNameGenerator.startingWith:40 -Generating unique operation named: myexcUsingPOST_3
2019-02-01 10:02:03.074 INFO [restartedMain]s.d.s.w.readers.operation.CachingOperationNameGenerator.startingWith:40 -Generating unique operation named: myexcUsingPOST_4
2019-02-01 10:02:03.075 INFO [restartedMain]s.d.s.w.readers.operation.CachingOperationNameGenerator.startingWith:40 -Generating unique operation named: myexcUsingPOST_5
2019-02-01 10:02:03.077 INFO [restartedMain]s.d.s.w.readers.operation.CachingOperationNameGenerator.startingWith:40 -Generating unique operation named: myexcUsingPOST_6
2019-02-01 10:02:03.078 INFO [restartedMain]s.d.s.w.readers.operation.CachingOperationNameGenerator.startingWith:40 -Generating unique operation named: myexcUsingPOST_7
2019-02-01 10:02:03.112 WARN [restartedMain]s.d.spring.web.readers.parameter.ParameterDataTypeReader.apply:86 -Trying to infer dataType org.springframework.ui.ModelMap
2019-02-01 10:02:03.148 INFO [restartedMain]s.d.s.w.readers.operation.CachingOperationNameGenerator.startingWith:40 -Generating unique operation named: hemoUsingPOST_1
2019-02-01 10:02:03.149 INFO [restartedMain]s.d.s.w.readers.operation.CachingOperationNameGenerator.startingWith:40 -Generating unique operation named: hemoUsingPOST_2
2019-02-01 10:02:03.150 INFO [restartedMain]s.d.s.w.readers.operation.CachingOperationNameGenerator.startingWith:40 -Generating unique operation named: hemoUsingPOST_3
2019-02-01 10:02:03.151 INFO [restartedMain]s.d.s.w.readers.operation.CachingOperationNameGenerator.startingWith:40 -Generating unique operation named: hemoUsingPOST_4
2019-02-01 10:02:03.152 INFO [restartedMain]s.d.s.w.readers.operation.CachingOperationNameGenerator.startingWith:40 -Generating unique operation named: hemoUsingPOST_5
2019-02-01 10:02:03.153 INFO [restartedMain]s.d.s.w.readers.operation.CachingOperationNameGenerator.startingWith:40 -Generating unique operation named: hemoUsingPOST_6
2019-02-01 10:02:03.154 INFO [restartedMain]s.d.s.w.readers.operation.CachingOperationNameGenerator.startingWith:40 -Generating unique operation named: hemoUsingPOST_7
2019-02-01 10:02:03.159 INFO [restartedMain]s.d.s.w.readers.operation.CachingOperationNameGenerator.startingWith:40 -Generating unique operation named: testMapUsingPOST_1
2019-02-01 10:02:03.160 INFO [restartedMain]s.d.s.w.readers.operation.CachingOperationNameGenerator.startingWith:40 -Generating unique operation named: testMapUsingPOST_2
2019-02-01 10:02:03.161 INFO [restartedMain]s.d.s.w.readers.operation.CachingOperationNameGenerator.startingWith:40 -Generating unique operation named: testMapUsingPOST_3
2019-02-01 10:02:03.162 INFO [restartedMain]s.d.s.w.readers.operation.CachingOperationNameGenerator.startingWith:40 -Generating unique operation named: testMapUsingPOST_4
2019-02-01 10:02:03.163 INFO [restartedMain]s.d.s.w.readers.operation.CachingOperationNameGenerator.startingWith:40 -Generating unique operation named: testMapUsingPOST_5
2019-02-01 10:02:03.164 INFO [restartedMain]s.d.s.w.readers.operation.CachingOperationNameGenerator.startingWith:40 -Generating unique operation named: testMapUsingPOST_6
2019-02-01 10:02:03.164 INFO [restartedMain]s.d.s.w.readers.operation.CachingOperationNameGenerator.startingWith:40 -Generating unique operation named: testMapUsingPOST_7
2019-02-01 10:02:03.165 WARN [restartedMain]s.d.spring.web.readers.parameter.ParameterDataTypeReader.apply:86 -Trying to infer dataType org.springframework.ui.ModelMap
2019-02-01 10:02:03.166 INFO [restartedMain]s.d.s.w.readers.operation.CachingOperationNameGenerator.startingWith:40 -Generating unique operation named: indexUsingGET_1
2019-02-01 10:02:03.167 INFO [restartedMain]s.d.s.w.readers.operation.CachingOperationNameGenerator.startingWith:40 -Generating unique operation named: addUsingGET_1
2019-02-01 10:02:03.184 INFO [restartedMain]org.apache.coyote.http11.Http11NioProtocol.log:173 -Starting ProtocolHandler ["http-nio-8089"]
2019-02-01 10:02:03.202 INFO [restartedMain]org.apache.tomcat.util.net.NioSelectorPool.log:173 -Using a shared selector for servlet write/read
2019-02-01 10:02:03.209 INFO [restartedMain]o.s.boot.web.embedded.tomcat.TomcatWebServer.start:204 -Tomcat started on port(s): 8089 (http) with context path ''
2019-02-01 10:02:03.211 INFO [restartedMain]c.xingheng.ai.BigDataAnalysis.BigDataAnalysisApplication.logStarted:59 -Started BigDataAnalysisApplication in 2.791 seconds (JVM running for 3.368)
2019-02-01 11:47:33.705 INFO [Thread-14]o.s.scheduling.concurrent.ThreadPoolTaskScheduler.shutdown:208 -Shutting down ExecutorService 'taskScheduler'
2019-02-01 11:47:33.706 INFO [Thread-14]o.s.scheduling.concurrent.ThreadPoolTaskExecutor.shutdown:208 -Shutting down ExecutorService 'applicationTaskExecutor'
2019-02-01 11:47:39.238 INFO [restartedMain]c.xingheng.ai.BigDataAnalysis.BigDataAnalysisApplication.logStarting:50 -Starting BigDataAnalysisApplication on localhost with PID 15370 (/Users/liuyanming/gitcode/big-data-analysis/target/classes started by liuyanming in /Users/liuyanming/gitcode/big-data-analysis)
2019-02-01 11:47:39.240 INFO [restartedMain]c.xingheng.ai.BigDataAnalysis.BigDataAnalysisApplication.logStartupProfileInfo:679 -The following profiles are active: dev
2019-02-01 11:47:39.306 INFO [restartedMain]o.s.b.devtools.env.DevToolsPropertyDefaultsPostProcessor.logTo:227 -Devtools property defaults active! Set 'spring.devtools.add-properties' to 'false' to disable
2019-02-01 11:47:39.307 INFO [restartedMain]o.s.b.devtools.env.DevToolsPropertyDefaultsPostProcessor.logTo:227 -For additional web related logging consider setting the 'logging.level.web' property to 'DEBUG'
2019-02-01 11:47:39.904 INFO [restartedMain]o.s.d.repository.config.RepositoryConfigurationDelegate.multipleStoresDetected:244 -Multiple Spring Data modules found, entering strict repository configuration mode!
2019-02-01 11:47:39.906 INFO [restartedMain]o.s.d.repository.config.RepositoryConfigurationDelegate.registerRepositoriesIn:126 -Bootstrapping Spring Data repositories in DEFAULT mode.
2019-02-01 11:47:39.960 INFO [restartedMain]o.s.d.repository.config.RepositoryConfigurationDelegate.registerRepositoriesIn:182 -Finished Spring Data repository scanning in 49ms. Found 1 repository interfaces.
2019-02-01 11:47:39.969 INFO [restartedMain]o.s.d.repository.config.RepositoryConfigurationDelegate.multipleStoresDetected:244 -Multiple Spring Data modules found, entering strict repository configuration mode!
2019-02-01 11:47:39.970 INFO [restartedMain]o.s.d.repository.config.RepositoryConfigurationDelegate.registerRepositoriesIn:126 -Bootstrapping Spring Data repositories in DEFAULT mode.
2019-02-01 11:47:39.983 INFO [restartedMain]o.s.d.r.config.RepositoryConfigurationExtensionSupport.isStrictRepositoryCandidate:363 -Spring Data Redis - Could not safely identify store assignment for repository candidate interface com.xingheng.ai.BigDataAnalysis.repository.ArticleRepository.
2019-02-01 11:47:39.984 INFO [restartedMain]o.s.d.repository.config.RepositoryConfigurationDelegate.registerRepositoriesIn:182 -Finished Spring Data repository scanning in 7ms. Found 0 repository interfaces.
2019-02-01 11:47:40.254 INFO [restartedMain]o.s.c.s.PostProcessorRegistrationDelegate$BeanPostProcessorChecker.postProcessAfterInitialization:330 -Bean 'org.springframework.transaction.annotation.ProxyTransactionManagementConfiguration' of type [org.springframework.transaction.annotation.ProxyTransactionManagementConfiguration$$EnhancerBySpringCGLIB$$60e2e371] is not eligible for getting processed by all BeanPostProcessors (for example: not eligible for auto-proxying)
2019-02-01 11:47:40.526 INFO [restartedMain]o.s.boot.web.embedded.tomcat.TomcatWebServer.initialize:90 -Tomcat initialized with port(s): 8089 (http)
2019-02-01 11:47:40.577 INFO [restartedMain]org.apache.coyote.http11.Http11NioProtocol.log:173 -Initializing ProtocolHandler ["http-nio-8089"]
2019-02-01 11:47:40.584 INFO [restartedMain]org.apache.catalina.core.StandardService.log:173 -Starting service [Tomcat]
2019-02-01 11:47:40.584 INFO [restartedMain]org.apache.catalina.core.StandardEngine.log:173 -Starting Servlet Engine: Apache Tomcat/9.0.13
2019-02-01 11:47:40.588 INFO [restartedMain]org.apache.catalina.core.AprLifecycleListener.log:173 -The APR based Apache Tomcat Native library which allows optimal performance in production environments was not found on the java.library.path: [/Users/liuyanming/Library/Java/Extensions:/Library/Java/Extensions:/Network/Library/Java/Extensions:/System/Library/Java/Extensions:/usr/lib/java:.]
2019-02-01 11:47:40.645 INFO [restartedMain]o.a.catalina.core.ContainerBase.[Tomcat].[localhost].[/].log:173 -Initializing Spring embedded WebApplicationContext
2019-02-01 11:47:40.646 INFO [restartedMain]org.springframework.web.context.ContextLoader.prepareWebApplicationContext:296 -Root WebApplicationContext: initialization completed in 1339 ms
2019-02-01 11:47:40.714 WARN [restartedMain]o.s.b.w.s.c.AnnotationConfigServletWebServerApplicationContext.refresh:554 -Exception encountered during context initialization - cancelling refresh attempt: org.springframework.beans.factory.UnsatisfiedDependencyException: Error creating bean with name 'articleController': Unsatisfied dependency expressed through field 'articleRepository'; nested exception is org.springframework.beans.factory.BeanCreationException: Error creating bean with name 'articleRepository': Cannot resolve reference to bean 'elasticsearchTemplate' while setting bean property 'elasticsearchOperations'; nested exception is org.springframework.beans.factory.NoSuchBeanDefinitionException: No bean named 'elasticsearchTemplate' available
2019-02-01 11:47:40.715 INFO [restartedMain]org.apache.catalina.core.StandardService.log:173 -Stopping service [Tomcat]
2019-02-01 11:47:40.728 INFO [restartedMain]o.s.b.a.logging.ConditionEvaluationReportLoggingListener.logMessage:142 -

Error starting ApplicationContext. To display the conditions report re-run your application with 'debug' enabled.
2019-02-01 14:32:08.948 INFO [restartedMain]c.xingheng.ai.BigDataAnalysis.BigDataAnalysisApplication.logStarting:50 -Starting BigDataAnalysisApplication on localhost with PID 15720 (/Users/liuyanming/gitcode/big-data-analysis/target/classes started by liuyanming in /Users/liuyanming/gitcode/big-data-analysis)
2019-02-01 14:32:08.950 INFO [restartedMain]c.xingheng.ai.BigDataAnalysis.BigDataAnalysisApplication.logStartupProfileInfo:679 -The following profiles are active: dev
2019-02-01 14:32:09.012 INFO [restartedMain]o.s.b.devtools.env.DevToolsPropertyDefaultsPostProcessor.logTo:227 -Devtools property defaults active! Set 'spring.devtools.add-properties' to 'false' to disable
2019-02-01 14:32:09.013 INFO [restartedMain]o.s.b.devtools.env.DevToolsPropertyDefaultsPostProcessor.logTo:227 -For additional web related logging consider setting the 'logging.level.web' property to 'DEBUG'
2019-02-01 14:32:09.620 INFO [restartedMain]o.s.d.repository.config.RepositoryConfigurationDelegate.multipleStoresDetected:244 -Multiple Spring Data modules found, entering strict repository configuration mode!
2019-02-01 14:32:09.622 INFO [restartedMain]o.s.d.repository.config.RepositoryConfigurationDelegate.registerRepositoriesIn:126 -Bootstrapping Spring Data repositories in DEFAULT mode.
2019-02-01 14:32:09.675 INFO [restartedMain]o.s.d.repository.config.RepositoryConfigurationDelegate.registerRepositoriesIn:182 -Finished Spring Data repository scanning in 50ms. Found 1 repository interfaces.
2019-02-01 14:32:09.685 INFO [restartedMain]o.s.d.repository.config.RepositoryConfigurationDelegate.multipleStoresDetected:244 -Multiple Spring Data modules found, entering strict repository configuration mode!
2019-02-01 14:32:09.686 INFO [restartedMain]o.s.d.repository.config.RepositoryConfigurationDelegate.registerRepositoriesIn:126 -Bootstrapping Spring Data repositories in DEFAULT mode.
2019-02-01 14:32:09.698 INFO [restartedMain]o.s.d.r.config.RepositoryConfigurationExtensionSupport.isStrictRepositoryCandidate:363 -Spring Data Redis - Could not safely identify store assignment for repository candidate interface com.xingheng.ai.BigDataAnalysis.repository.ArticleRepository.
2019-02-01 14:32:09.699 INFO [restartedMain]o.s.d.repository.config.RepositoryConfigurationDelegate.registerRepositoriesIn:182 -Finished Spring Data repository scanning in 7ms. Found 0 repository interfaces.
2019-02-01 14:32:09.986 INFO [restartedMain]o.s.c.s.PostProcessorRegistrationDelegate$BeanPostProcessorChecker.postProcessAfterInitialization:330 -Bean 'org.springframework.transaction.annotation.ProxyTransactionManagementConfiguration' of type [org.springframework.transaction.annotation.ProxyTransactionManagementConfiguration$$EnhancerBySpringCGLIB$$c541f472] is not eligible for getting processed by all BeanPostProcessors (for example: not eligible for auto-proxying)
2019-02-01 14:32:10.318 INFO [restartedMain]o.s.boot.web.embedded.tomcat.TomcatWebServer.initialize:90 -Tomcat initialized with port(s): 8089 (http)
2019-02-01 14:32:10.326 INFO [restartedMain]org.apache.coyote.http11.Http11NioProtocol.log:173 -Initializing ProtocolHandler ["http-nio-8089"]
2019-02-01 14:32:10.333 INFO [restartedMain]org.apache.catalina.core.StandardService.log:173 -Starting service [Tomcat]
2019-02-01 14:32:10.333 INFO [restartedMain]org.apache.catalina.core.StandardEngine.log:173 -Starting Servlet Engine: Apache Tomcat/9.0.13
2019-02-01 14:32:10.338 INFO [restartedMain]org.apache.catalina.core.AprLifecycleListener.log:173 -The APR based Apache Tomcat Native library which allows optimal performance in production environments was not found on the java.library.path: [/Users/liuyanming/Library/Java/Extensions:/Library/Java/Extensions:/Network/Library/Java/Extensions:/System/Library/Java/Extensions:/usr/lib/java:.]
2019-02-01 14:32:10.398 INFO [restartedMain]o.a.catalina.core.ContainerBase.[Tomcat].[localhost].[/].log:173 -Initializing Spring embedded WebApplicationContext
2019-02-01 14:32:10.398 INFO [restartedMain]org.springframework.web.context.ContextLoader.prepareWebApplicationContext:296 -Root WebApplicationContext: initialization completed in 1385 ms
2019-02-01 14:32:10.564 INFO [restartedMain]org.elasticsearch.plugins.PluginsService.logPluginInfo:190 -no modules loaded
2019-02-01 14:32:10.565 INFO [restartedMain]org.elasticsearch.plugins.PluginsService.logPluginInfo:193 -loaded plugin [org.elasticsearch.index.reindex.ReindexPlugin]
2019-02-01 14:32:10.565 INFO [restartedMain]org.elasticsearch.plugins.PluginsService.logPluginInfo:193 -loaded plugin [org.elasticsearch.join.ParentJoinPlugin]
2019-02-01 14:32:10.566 INFO [restartedMain]org.elasticsearch.plugins.PluginsService.logPluginInfo:193 -loaded plugin [org.elasticsearch.percolator.PercolatorPlugin]
2019-02-01 14:32:10.566 INFO [restartedMain]org.elasticsearch.plugins.PluginsService.logPluginInfo:193 -loaded plugin [org.elasticsearch.script.mustache.MustachePlugin]
2019-02-01 14:32:10.566 INFO [restartedMain]org.elasticsearch.plugins.PluginsService.logPluginInfo:193 -loaded plugin [org.elasticsearch.transport.Netty4Plugin]
2019-02-01 14:32:11.013 INFO [restartedMain]o.s.data.elasticsearch.client.TransportClientFactoryBean.lambda$buildClient$0:88 -Adding transport node : 127.0.0.1:9300
2019-02-01 14:32:11.260 INFO [restartedMain]o.s.boot.devtools.autoconfigure.OptionalLiveReloadServer.startServer:57 -LiveReload server is running on port 35729
2019-02-01 14:32:11.875 INFO [restartedMain]s.d.s.web.PropertySourcedRequestMappingHandlerMapping.initHandlerMethods:69 -Mapped URL path [/v2/api-docs] onto method [public org.springframework.http.ResponseEntity<springfox.documentation.spring.web.json.Json> springfox.documentation.swagger2.web.Swagger2Controller.getDocumentation(java.lang.String,javax.servlet.http.HttpServletRequest)]
2019-02-01 14:32:11.990 INFO [restartedMain]o.s.scheduling.concurrent.ThreadPoolTaskExecutor.initialize:171 -Initializing ExecutorService 'applicationTaskExecutor'
2019-02-01 14:32:12.229 INFO [restartedMain]o.s.b.a.web.servlet.WelcomePageHandlerMapping.<init>:56 -Adding welcome page: class path resource [static/index.html]
2019-02-01 14:32:12.504 INFO [restartedMain]o.s.scheduling.concurrent.ThreadPoolTaskScheduler.initialize:171 -Initializing ExecutorService 'taskScheduler'
2019-02-01 14:32:12.555 INFO [restartedMain]s.d.spring.web.plugins.DocumentationPluginsBootstrapper.start:147 -Context refreshed
2019-02-01 14:32:12.565 INFO [restartedMain]s.d.spring.web.plugins.DocumentationPluginsBootstrapper.start:150 -Found 1 custom documentation plugin(s)
2019-02-01 14:32:12.587 INFO [restartedMain]s.d.spring.web.scanners.ApiListingReferenceScanner.scan:41 -Scanning for api listing references
2019-02-01 14:32:12.644 INFO [restartedMain]s.d.s.w.readers.operation.CachingOperationNameGenerator.startingWith:40 -Generating unique operation named: myexcUsingPOST_1
2019-02-01 14:32:12.645 INFO [restartedMain]s.d.s.w.readers.operation.CachingOperationNameGenerator.startingWith:40 -Generating unique operation named: myexcUsingPOST_2
2019-02-01 14:32:12.646 INFO [restartedMain]s.d.s.w.readers.operation.CachingOperationNameGenerator.startingWith:40 -Generating unique operation named: myexcUsingPOST_3
2019-02-01 14:32:12.648 INFO [restartedMain]s.d.s.w.readers.operation.CachingOperationNameGenerator.startingWith:40 -Generating unique operation named: myexcUsingPOST_4
2019-02-01 14:32:12.649 INFO [restartedMain]s.d.s.w.readers.operation.CachingOperationNameGenerator.startingWith:40 -Generating unique operation named: myexcUsingPOST_5
2019-02-01 14:32:12.650 INFO [restartedMain]s.d.s.w.readers.operation.CachingOperationNameGenerator.startingWith:40 -Generating unique operation named: myexcUsingPOST_6
2019-02-01 14:32:12.651 INFO [restartedMain]s.d.s.w.readers.operation.CachingOperationNameGenerator.startingWith:40 -Generating unique operation named: myexcUsingPOST_7
2019-02-01 14:32:12.678 WARN [restartedMain]s.d.spring.web.readers.parameter.ParameterDataTypeReader.apply:86 -Trying to infer dataType org.springframework.ui.ModelMap
2019-02-01 14:32:12.714 INFO [restartedMain]s.d.s.w.readers.operation.CachingOperationNameGenerator.startingWith:40 -Generating unique operation named: hemoUsingPOST_1
2019-02-01 14:32:12.715 INFO [restartedMain]s.d.s.w.readers.operation.CachingOperationNameGenerator.startingWith:40 -Generating unique operation named: hemoUsingPOST_2
2019-02-01 14:32:12.716 INFO [restartedMain]s.d.s.w.readers.operation.CachingOperationNameGenerator.startingWith:40 -Generating unique operation named: hemoUsingPOST_3
2019-02-01 14:32:12.717 INFO [restartedMain]s.d.s.w.readers.operation.CachingOperationNameGenerator.startingWith:40 -Generating unique operation named: hemoUsingPOST_4
2019-02-01 14:32:12.718 INFO [restartedMain]s.d.s.w.readers.operation.CachingOperationNameGenerator.startingWith:40 -Generating unique operation named: hemoUsingPOST_5
2019-02-01 14:32:12.719 INFO [restartedMain]s.d.s.w.readers.operation.CachingOperationNameGenerator.startingWith:40 -Generating unique operation named: hemoUsingPOST_6
2019-02-01 14:32:12.719 INFO [restartedMain]s.d.s.w.readers.operation.CachingOperationNameGenerator.startingWith:40 -Generating unique operation named: hemoUsingPOST_7
2019-02-01 14:32:12.725 INFO [restartedMain]s.d.s.w.readers.operation.CachingOperationNameGenerator.startingWith:40 -Generating unique operation named: testMapUsingPOST_1
2019-02-01 14:32:12.726 INFO [restartedMain]s.d.s.w.readers.operation.CachingOperationNameGenerator.startingWith:40 -Generating unique operation named: testMapUsingPOST_2
2019-02-01 14:32:12.727 INFO [restartedMain]s.d.s.w.readers.operation.CachingOperationNameGenerator.startingWith:40 -Generating unique operation named: testMapUsingPOST_3
2019-02-01 14:32:12.729 INFO [restartedMain]s.d.s.w.readers.operation.CachingOperationNameGenerator.startingWith:40 -Generating unique operation named: testMapUsingPOST_4
2019-02-01 14:32:12.730 INFO [restartedMain]s.d.s.w.readers.operation.CachingOperationNameGenerator.startingWith:40 -Generating unique operation named: testMapUsingPOST_5
2019-02-01 14:32:12.731 INFO [restartedMain]s.d.s.w.readers.operation.CachingOperationNameGenerator.startingWith:40 -Generating unique operation named: testMapUsingPOST_6
2019-02-01 14:32:12.732 INFO [restartedMain]s.d.s.w.readers.operation.CachingOperationNameGenerator.startingWith:40 -Generating unique operation named: testMapUsingPOST_7
2019-02-01 14:32:12.733 WARN [restartedMain]s.d.spring.web.readers.parameter.ParameterDataTypeReader.apply:86 -Trying to infer dataType org.springframework.ui.ModelMap
2019-02-01 14:32:12.734 INFO [restartedMain]s.d.s.w.readers.operation.CachingOperationNameGenerator.startingWith:40 -Generating unique operation named: indexUsingGET_1
2019-02-01 14:32:12.736 INFO [restartedMain]s.d.s.w.readers.operation.CachingOperationNameGenerator.startingWith:40 -Generating unique operation named: addUsingGET_1
2019-02-01 14:32:12.755 INFO [restartedMain]org.apache.coyote.http11.Http11NioProtocol.log:173 -Starting ProtocolHandler ["http-nio-8089"]
2019-02-01 14:32:12.759 INFO [restartedMain]org.apache.tomcat.util.net.NioSelectorPool.log:173 -Using a shared selector for servlet write/read
2019-02-01 14:32:12.768 INFO [restartedMain]o.s.boot.web.embedded.tomcat.TomcatWebServer.start:204 -Tomcat started on port(s): 8089 (http) with context path ''
2019-02-01 14:32:12.771 INFO [restartedMain]c.xingheng.ai.BigDataAnalysis.BigDataAnalysisApplication.logStarted:59 -Started BigDataAnalysisApplication in 4.146 seconds (JVM running for 4.619)
2019-02-01 14:32:50.867 INFO [http-nio-8089-exec-1]o.a.catalina.core.ContainerBase.[Tomcat].[localhost].[/].log:173 -Initializing Spring DispatcherServlet 'dispatcherServlet'
2019-02-01 14:32:50.867 INFO [http-nio-8089-exec-1]org.springframework.web.servlet.DispatcherServlet.initServletBean:524 -Initializing Servlet 'dispatcherServlet'
2019-02-01 14:32:50.874 INFO [http-nio-8089-exec-1]org.springframework.web.servlet.DispatcherServlet.initServletBean:546 -Completed initialization in 7 ms
2019-02-01 14:42:30.991 INFO [Thread-18]o.s.scheduling.concurrent.ThreadPoolTaskScheduler.shutdown:208 -Shutting down ExecutorService 'taskScheduler'
2019-02-01 14:42:30.993 INFO [Thread-18]o.s.scheduling.concurrent.ThreadPoolTaskExecutor.shutdown:208 -Shutting down ExecutorService 'applicationTaskExecutor'
